生成启动时间为 2015/8/11 20:23:41。
     1>项目“D:\PSO\程序\BAnetwork\BAnetwork\BAnetwork\BAnetwork.vcxproj”在节点 2 上(Rebuild 个目标)。
     1>InitializeBuildStatus:
         正在创建“Debug\BAnetwork.tlog\unsuccessfulbuild”，因为已指定“AlwaysCreate”。
       ClCompile:
         D:\Program Files\Microsoft Visual Studio 14.0\VC\bin\CL.exe /c /ZI /nologo /W3 /WX- /Od /Oy- /D WIN32 /D _DEBUG /D _CONSOLE /D _UNICODE /D UNICODE /Gm /EHsc /RTC1 /MDd /GS /fp:precise /Zc:wchar_t /Zc:forScope /Zc:inline /Yc"stdafx.h" /Fp"Debug\BAnetwork.pch" /Fo"Debug\\" /Fd"Debug\vc140.pdb" /Gd /TP /analyze- /errorReport:prompt stdafx.cpp
         stdafx.cpp
         D:\Program Files\Microsoft Visual Studio 14.0\VC\bin\CL.exe /c /ZI /nologo /W3 /WX- /Od /Oy- /D WIN32 /D _DEBUG /D _CONSOLE /D _UNICODE /D UNICODE /Gm /EHsc /RTC1 /MDd /GS /fp:precise /Zc:wchar_t /Zc:forScope /Zc:inline /Yu"stdafx.h" /Fp"Debug\BAnetwork.pch" /Fo"Debug\\" /Fd"Debug\vc140.pdb" /Gd /TP /analyze- /errorReport:prompt BAnetwork.cpp
         BAnetwork.cpp
     1>d:\pso\程序\banetwork\banetwork\banetwork\banetwork.cpp(180): warning C4996: 'fopen': This function or variable may be unsafe. Consider using fopen_s instead. To disable deprecation, use _CRT_SECURE_NO_WARNINGS. See online help for details.
         c:\program files\windows kits\10\include\10.0.10150.0\ucrt\stdio.h(205): note: 参见“fopen”的声明
     1>d:\pso\程序\banetwork\banetwork\banetwork\banetwork.cpp(186): warning C4996: 'fopen': This function or variable may be unsafe. Consider using fopen_s instead. To disable deprecation, use _CRT_SECURE_NO_WARNINGS. See online help for details.
         c:\program files\windows kits\10\include\10.0.10150.0\ucrt\stdio.h(205): note: 参见“fopen”的声明
     1>d:\pso\程序\banetwork\banetwork\banetwork\banetwork.cpp(189): warning C4996: 'fopen': This function or variable may be unsafe. Consider using fopen_s instead. To disable deprecation, use _CRT_SECURE_NO_WARNINGS. See online help for details.
         c:\program files\windows kits\10\include\10.0.10150.0\ucrt\stdio.h(205): note: 参见“fopen”的声明
     1>d:\pso\程序\banetwork\banetwork\banetwork\banetwork.cpp(203): warning C4996: 'fopen': This function or variable may be unsafe. Consider using fopen_s instead. To disable deprecation, use _CRT_SECURE_NO_WARNINGS. See online help for details.
         c:\program files\windows kits\10\include\10.0.10150.0\ucrt\stdio.h(205): note: 参见“fopen”的声明
       Link:
         D:\Program Files\Microsoft Visual Studio 14.0\VC\bin\link.exe /ERRORREPORT:PROMPT /OUT:"D:\PSO\程序\BAnetwork\BAnetwork\Debug\BAnetwork.exe" /INCREMENTAL /NOLOGO kernel32.lib user32.lib gdi32.lib winspool.lib comdlg32.lib advapi32.lib shell32.lib ole32.lib oleaut32.lib uuid.lib odbc32.lib odbccp32.lib /MANIFEST /ManifestFile:"Debug\BAnetwork.exe.intermediate.manifest" /MANIFESTUAC:"level='asInvoker' uiAccess='false'" /Debug /PDB:"D:\PSO\程序\BAnetwork\BAnetwork\Debug\BAnetwork.pdb" /SUBSYSTEM:CONSOLE /TLBID:1 /DYNAMICBASE /NXCOMPAT /IMPLIB:"D:\PSO\程序\BAnetwork\BAnetwork\Debug\BAnetwork.lib" /MACHINE:X86 Debug\BAnetwork.obj
         Debug\stdafx.obj
         BAnetwork.vcxproj -> D:\PSO\程序\BAnetwork\BAnetwork\Debug\BAnetwork.exe
       Manifest:
         C:\Program Files\Windows Kits\8.1\bin\x86\mt.exe /nologo /verbose /out:"D:\PSO\程序\BAnetwork\BAnetwork\Debug\BAnetwork.exe.manifest" /manifest Debug\BAnetwork.exe.intermediate.manifest
       FinalizeBuildStatus:
         正在删除文件“Debug\BAnetwork.tlog\unsuccessfulbuild”。
         正在对“Debug\BAnetwork.tlog\BAnetwork.lastbuildstate”执行 Touch 任务。
     1>已完成生成项目“D:\PSO\程序\BAnetwork\BAnetwork\BAnetwork\BAnetwork.vcxproj”(Rebuild 个目标)的操作。

已成功生成。

已用时间 00:00:03.08
