d:\pso算法\pso\banetwork\banetwork\debug\banetwork.pch
d:\pso算法\pso\banetwork\banetwork\debug\stdafx.obj
d:\pso算法\pso\banetwork\banetwork\debug\vc100.pdb
d:\pso算法\pso\banetwork\banetwork\debug\banetwork.obj
d:\pso\程序\banetwork\banetwork\debug\banetwork.pch
d:\pso\程序\banetwork\banetwork\debug\stdafx.obj
d:\pso\程序\banetwork\banetwork\debug\vc100.pdb
d:\pso\程序\banetwork\banetwork\debug\banetwork.obj
d:\pso算法\pso\banetwork\debug\banetwork.ilk
d:\pso算法\pso\banetwork\debug\banetwork.exe
d:\pso算法\pso\banetwork\banetwork\debug\banetwork.exe.intermediate.manifest
d:\pso算法\pso\banetwork\debug\banetwork.pdb
d:\pso\程序\banetwork\debug\banetwork.ilk
d:\pso\程序\banetwork\debug\banetwork.exe
d:\pso\程序\banetwork\banetwork\debug\banetwork.exe.intermediate.manifest
d:\pso\程序\banetwork\debug\banetwork.pdb
d:\pso算法\pso\banetwork\banetwork\debug\banetwork.exe.embed.manifest
d:\pso\程序\banetwork\debug\banetwork.exe.manifest
d:\pso算法\pso\banetwork\banetwork\debug\banetwork.exe.embed.manifest.res
d:\pso\程序\banetwork\banetwork\debug\banetwork.exe.embed.manifest.res
d:\pso\程序\banetwork\banetwork\banetwork\debug\banetwork.vcxprojresolveassemblyreference.cache
d:\pso\程序\banetwork\banetwork\banetwork\debug\banetwork.obj
d:\pso\程序\banetwork\banetwork\banetwork\debug\stdafx.obj
d:\pso\程序\banetwork\banetwork\banetwork\debug\banetwork.write.1.tlog
d:\pso\程序\banetwork\banetwork\banetwork\debug\cl.command.1.tlog
d:\pso\程序\banetwork\banetwork\banetwork\debug\cl.read.1.tlog
d:\pso\程序\banetwork\banetwork\banetwork\debug\cl.write.1.tlog
d:\pso\程序\banetwork\banetwork\banetwork\debug\link-cvtres.read.1.tlog
d:\pso\程序\banetwork\banetwork\banetwork\debug\link-cvtres.write.1.tlog
d:\pso\程序\banetwork\banetwork\banetwork\debug\link.10088-cvtres.read.1.tlog
d:\pso\程序\banetwork\banetwork\banetwork\debug\link.10088-cvtres.write.1.tlog
d:\pso\程序\banetwork\banetwork\banetwork\debug\link.10088.read.1.tlog
d:\pso\程序\banetwork\banetwork\banetwork\debug\link.10088.write.1.tlog
d:\pso\程序\banetwork\banetwork\banetwork\debug\link.11172-cvtres.read.1.tlog
d:\pso\程序\banetwork\banetwork\banetwork\debug\link.11172-cvtres.write.1.tlog
d:\pso\程序\banetwork\banetwork\banetwork\debug\link.11172.read.1.tlog
d:\pso\程序\banetwork\banetwork\banetwork\debug\link.11172.write.1.tlog
d:\pso\程序\banetwork\banetwork\banetwork\debug\link.13656-cvtres.read.1.tlog
d:\pso\程序\banetwork\banetwork\banetwork\debug\link.13656-cvtres.write.1.tlog
d:\pso\程序\banetwork\banetwork\banetwork\debug\link.13656.read.1.tlog
d:\pso\程序\banetwork\banetwork\banetwork\debug\link.13656.write.1.tlog
d:\pso\程序\banetwork\banetwork\banetwork\debug\link.4828.read.1.tlog
d:\pso\程序\banetwork\banetwork\banetwork\debug\link.4828.write.1.tlog
d:\pso\程序\banetwork\banetwork\banetwork\debug\link.9072-cvtres.read.1.tlog
d:\pso\程序\banetwork\banetwork\banetwork\debug\link.9072-cvtres.write.1.tlog
d:\pso\程序\banetwork\banetwork\banetwork\debug\link.9072.read.1.tlog
d:\pso\程序\banetwork\banetwork\banetwork\debug\link.9072.write.1.tlog
d:\pso\程序\banetwork\banetwork\banetwork\debug\link.command.1.tlog
d:\pso\程序\banetwork\banetwork\banetwork\debug\link.read.1.tlog
d:\pso\程序\banetwork\banetwork\banetwork\debug\link.write.1.tlog
d:\pso\程序\banetwork\banetwork\banetwork\debug\mt.command.1.tlog
d:\pso\程序\banetwork\banetwork\banetwork\debug\mt.read.1.tlog
d:\pso\程序\banetwork\banetwork\banetwork\debug\mt.write.1.tlog
d:\pso\程序\banetwork\banetwork\banetwork\debug\rc.command.1.tlog
d:\pso\程序\banetwork\banetwork\banetwork\debug\rc.read.1.tlog
d:\pso\程序\banetwork\banetwork\banetwork\debug\rc.write.1.tlog
d:\pso\程序\banetwork\banetwork\banetwork\debug\banetwork.exe.embed.manifest
d:\pso\程序\banetwork\banetwork\banetwork\debug\banetwork.exe.intermediate.manifest
d:\pso\程序\banetwork\banetwork\banetwork\debug\banetwork.exe.embed.manifest.res
d:\pso\程序\banetwork\banetwork\banetwork\debug\banetwork.pch
d:\pso\程序\banetwork\banetwork\banetwork\debug\vc100.idb
d:\pso\程序\banetwork\banetwork\banetwork\debug\vc100.pdb
d:\pso\程序\banetwork\banetwork\banetwork\debug\banetwork_manifest.rc
d:\pso\程序\banetwork\banetwork\debug\banetwork.exe.manifest
d:\pso\程序\banetwork\banetwork\debug\banetwork.pdb
d:\pso\程序\banetwork\banetwork\debug\banetwork.exe
d:\pso\程序\banetwork\banetwork\debug\banetwork.ilk
